<?xml version="1.0" encoding="UTF-8"?>
<!-- Generated by org.testng.reporters.JUnitXMLReporter -->
<testsuite hostname="DESKTOP-QR9O3EA" name="Run on Firefox" tests="1" failures="0" timestamp="11 Sep 2019 02:58:38 GMT" time="0.025" errors="0">
  <testcase name="@BeforeClass beforeClass" time="0.0" classname="com.sytner.menuItems.MenuItems_">
    <failure type="org.testng.TestNGException" message="
Method beforeClass requires 1 parameters but 0 were supplied in the @Configuration annotation.">
      <![CDATA[org.testng.TestNGException: 
Method beforeClass requires 1 parameters but 0 were supplied in the @Configuration annotation.
	at java.util.concurrent.FutureTask.run(FutureTask.java:266)
	at java.util.concurrent.ThreadPoolExecutor.runWorker(ThreadPoolExecutor.java:1149)
	at java.util.concurrent.ThreadPoolExecutor$Worker.run(ThreadPoolExecutor.java:624)
	at java.lang.Thread.run(Thread.java:748)
... Removed 14 stack frames]]>
    </failure>
  </testcase> <!-- @BeforeClass beforeClass -->
  <testcase name="TC_001_CustomerIDCannotEmpty" time="0.004" classname="com.sytner.menuItems.MenuItems_">
    <skipped/>
  </testcase> <!-- TC_001_CustomerIDCannotEmpty -->
</testsuite> <!-- Run on Firefox -->
