<?xml version="1.0" encoding="UTF-8"?>
<!-- Generated by org.testng.reporters.JUnitXMLReporter -->
<testsuite hostname="DESKTOP-QR9O3EA" name="Run on CHROME" tests="14" failures="9" timestamp="11 Sep 2019 04:46:28 GMT" time="226.791" errors="0">
  <testcase name="MenuItems_001_AboutUs" time="2.22" classname="com.sytner.menuItems.MenuItems_"/>
  <testcase name="MenuItems_002_News" time="4.257" classname="com.sytner.menuItems.MenuItems_"/>
  <testcase name="MenuItems_003_CustemerService" time="3.879" classname="com.sytner.menuItems.MenuItems_"/>
  <testcase name="MenuItems_004_Careers" time="2.506" classname="com.sytner.menuItems.MenuItems_"/>
  <testcase name="MenuItems_005_Finance" time="20.784" classname="com.sytner.menuItems.MenuItems_">
    <failure type="org.openqa.selenium.TimeoutException" message="Timed out after 20 seconds waiting for visibility of element located by By.xpath: //a[@title=&amp;apos;Finance&amp;apos;]
Build info: version: &amp;apos;2.53.1&amp;apos;, revision: &amp;apos;a36b8b1cd5757287168e54b817830adce9b0158d&amp;apos;, time: &amp;apos;2016-06-30 19:26:09&amp;apos;
System info: host: &amp;apos;DESKTOP-QR9O3EA&amp;apos;, ip: &amp;apos;192.168.2.16&amp;apos;, os.name: &amp;apos;Windows 10&amp;apos;, os.arch: &amp;apos;amd64&amp;apos;, os.version: &amp;apos;10.0&amp;apos;, java.version: &amp;apos;1.8.0_201&amp;apos;
Driver info: org.openqa.selenium.chrome.ChromeDriver
Capabilities [{mobileEmulationEnabled=false, timeouts={implicit=0, pageLoad=300000, script=30000}, hasTouchScreen=false, platform=XP, acceptSslCerts=false, goog:chromeOptions={debuggerAddress=localhost:51348}, acceptInsecureCerts=false, webStorageEnabled=true, browserName=chrome, takesScreenshot=true, javascriptEnabled=true, setWindowRect=true, unexpectedAlertBehaviour=ignore, applicationCacheEnabled=false, rotatable=false, networkConnectionEnabled=false, chrome={chromedriverVersion=75.0.3770.90 (a6dcaf7e3ec6f70a194cc25e8149475c6590e025-refs/branch-heads/3770@{#1003}), userDataDir=C:\Users\LTTrang\AppData\Local\Temp\scoped_dir11360_22754}, takesHeapSnapshot=true, pageLoadStrategy=normal, strictFileInteractability=false, databaseEnabled=false, handlesAlerts=true, version=76.0.3809.132, browserConnectionEnabled=false, proxy={}, nativeEvents=true, locationContextEnabled=true, cssSelectorsEnabled=true}]
Session ID: c097aabf690e66a99087fc6ad190b7a2">
      <![CDATA[org.openqa.selenium.TimeoutException: Timed out after 20 seconds waiting for visibility of element located by By.xpath: //a[@title='Finance']
Build info: version: '2.53.1', revision: 'a36b8b1cd5757287168e54b817830adce9b0158d', time: '2016-06-30 19:26:09'
System info: host: 'DESKTOP-QR9O3EA', ip: '192.168.2.16', os.name: 'Windows 10', os.arch: 'amd64', os.version: '10.0', java.version: '1.8.0_201'
Driver info: org.openqa.selenium.chrome.ChromeDriver
Capabilities [{mobileEmulationEnabled=false, timeouts={implicit=0, pageLoad=300000, script=30000}, hasTouchScreen=false, platform=XP, acceptSslCerts=false, goog:chromeOptions={debuggerAddress=localhost:51348}, acceptInsecureCerts=false, webStorageEnabled=true, browserName=chrome, takesScreenshot=true, javascriptEnabled=true, setWindowRect=true, unexpectedAlertBehaviour=ignore, applicationCacheEnabled=false, rotatable=false, networkConnectionEnabled=false, chrome={chromedriverVersion=75.0.3770.90 (a6dcaf7e3ec6f70a194cc25e8149475c6590e025-refs/branch-heads/3770@{#1003}), userDataDir=C:\Users\LTTrang\AppData\Local\Temp\scoped_dir11360_22754}, takesHeapSnapshot=true, pageLoadStrategy=normal, strictFileInteractability=false, databaseEnabled=false, handlesAlerts=true, version=76.0.3809.132, browserConnectionEnabled=false, proxy={}, nativeEvents=true, locationContextEnabled=true, cssSelectorsEnabled=true}]
Session ID: c097aabf690e66a99087fc6ad190b7a2
	at org.openqa.selenium.support.ui.WebDriverWait.timeoutException(WebDriverWait.java:80)
	at org.openqa.selenium.support.ui.FluentWait.until(FluentWait.java:261)
	at commons.AbstractPage.waitForControlVisible(AbstractPage.java:542)
	at commons.AbstractPage.ClickMenuItems(AbstractPage.java:610)
	at com.sytner.menuItems.MenuItems_.MenuItems_005_Finance(MenuItems_.java:72)
	at java.util.concurrent.FutureTask.run(FutureTask.java:266)
	at java.util.concurrent.ThreadPoolExecutor.runWorker(ThreadPoolExecutor.java:1149)
	at java.util.concurrent.ThreadPoolExecutor$Worker.run(ThreadPoolExecutor.java:624)
	at java.lang.Thread.run(Thread.java:748)
... Removed 16 stack frames]]>
    </failure>
  </testcase> <!-- MenuItems_005_Finance -->
  <testcase name="MenuItems_006_Finance" time="21.48" classname="com.sytner.menuItems.MenuItems_">
    <failure type="org.openqa.selenium.TimeoutException" message="Timed out after 20 seconds waiting for visibility of element located by By.xpath: //a[@title=&amp;apos;Finance&amp;apos;]
Build info: version: &amp;apos;2.53.1&amp;apos;, revision: &amp;apos;a36b8b1cd5757287168e54b817830adce9b0158d&amp;apos;, time: &amp;apos;2016-06-30 19:26:09&amp;apos;
System info: host: &amp;apos;DESKTOP-QR9O3EA&amp;apos;, ip: &amp;apos;192.168.2.16&amp;apos;, os.name: &amp;apos;Windows 10&amp;apos;, os.arch: &amp;apos;amd64&amp;apos;, os.version: &amp;apos;10.0&amp;apos;, java.version: &amp;apos;1.8.0_201&amp;apos;
Driver info: org.openqa.selenium.chrome.ChromeDriver
Capabilities [{mobileEmulationEnabled=false, timeouts={implicit=0, pageLoad=300000, script=30000}, hasTouchScreen=false, platform=XP, acceptSslCerts=false, goog:chromeOptions={debuggerAddress=localhost:51348}, acceptInsecureCerts=false, webStorageEnabled=true, browserName=chrome, takesScreenshot=true, javascriptEnabled=true, setWindowRect=true, unexpectedAlertBehaviour=ignore, applicationCacheEnabled=false, rotatable=false, networkConnectionEnabled=false, chrome={chromedriverVersion=75.0.3770.90 (a6dcaf7e3ec6f70a194cc25e8149475c6590e025-refs/branch-heads/3770@{#1003}), userDataDir=C:\Users\LTTrang\AppData\Local\Temp\scoped_dir11360_22754}, takesHeapSnapshot=true, pageLoadStrategy=normal, strictFileInteractability=false, databaseEnabled=false, handlesAlerts=true, version=76.0.3809.132, browserConnectionEnabled=false, proxy={}, nativeEvents=true, locationContextEnabled=true, cssSelectorsEnabled=true}]
Session ID: c097aabf690e66a99087fc6ad190b7a2">
      <![CDATA[org.openqa.selenium.TimeoutException: Timed out after 20 seconds waiting for visibility of element located by By.xpath: //a[@title='Finance']
Build info: version: '2.53.1', revision: 'a36b8b1cd5757287168e54b817830adce9b0158d', time: '2016-06-30 19:26:09'
System info: host: 'DESKTOP-QR9O3EA', ip: '192.168.2.16', os.name: 'Windows 10', os.arch: 'amd64', os.version: '10.0', java.version: '1.8.0_201'
Driver info: org.openqa.selenium.chrome.ChromeDriver
Capabilities [{mobileEmulationEnabled=false, timeouts={implicit=0, pageLoad=300000, script=30000}, hasTouchScreen=false, platform=XP, acceptSslCerts=false, goog:chromeOptions={debuggerAddress=localhost:51348}, acceptInsecureCerts=false, webStorageEnabled=true, browserName=chrome, takesScreenshot=true, javascriptEnabled=true, setWindowRect=true, unexpectedAlertBehaviour=ignore, applicationCacheEnabled=false, rotatable=false, networkConnectionEnabled=false, chrome={chromedriverVersion=75.0.3770.90 (a6dcaf7e3ec6f70a194cc25e8149475c6590e025-refs/branch-heads/3770@{#1003}), userDataDir=C:\Users\LTTrang\AppData\Local\Temp\scoped_dir11360_22754}, takesHeapSnapshot=true, pageLoadStrategy=normal, strictFileInteractability=false, databaseEnabled=false, handlesAlerts=true, version=76.0.3809.132, browserConnectionEnabled=false, proxy={}, nativeEvents=true, locationContextEnabled=true, cssSelectorsEnabled=true}]
Session ID: c097aabf690e66a99087fc6ad190b7a2
	at org.openqa.selenium.support.ui.WebDriverWait.timeoutException(WebDriverWait.java:80)
	at org.openqa.selenium.support.ui.FluentWait.until(FluentWait.java:261)
	at commons.AbstractPage.waitForControlVisible(AbstractPage.java:542)
	at commons.AbstractPage.ClickMenuItems(AbstractPage.java:610)
	at com.sytner.menuItems.MenuItems_.MenuItems_006_Finance(MenuItems_.java:84)
	at java.util.concurrent.FutureTask.run(FutureTask.java:266)
	at java.util.concurrent.ThreadPoolExecutor.runWorker(ThreadPoolExecutor.java:1149)
	at java.util.concurrent.ThreadPoolExecutor$Worker.run(ThreadPoolExecutor.java:624)
	at java.lang.Thread.run(Thread.java:748)
... Removed 16 stack frames]]>
    </failure>
  </testcase> <!-- MenuItems_006_Finance -->
  <testcase name="MenuItems_007_UsedCarSearch" time="22.103" classname="com.sytner.menuItems.MenuItems_">
    <failure type="org.openqa.selenium.TimeoutException" message="Timed out after 20 seconds waiting for visibility of element located by By.xpath: //a[@title=&amp;apos;Used Car Search&amp;apos;]
Build info: version: &amp;apos;2.53.1&amp;apos;, revision: &amp;apos;a36b8b1cd5757287168e54b817830adce9b0158d&amp;apos;, time: &amp;apos;2016-06-30 19:26:09&amp;apos;
System info: host: &amp;apos;DESKTOP-QR9O3EA&amp;apos;, ip: &amp;apos;192.168.2.16&amp;apos;, os.name: &amp;apos;Windows 10&amp;apos;, os.arch: &amp;apos;amd64&amp;apos;, os.version: &amp;apos;10.0&amp;apos;, java.version: &amp;apos;1.8.0_201&amp;apos;
Driver info: org.openqa.selenium.chrome.ChromeDriver
Capabilities [{mobileEmulationEnabled=false, timeouts={implicit=0, pageLoad=300000, script=30000}, hasTouchScreen=false, platform=XP, acceptSslCerts=false, goog:chromeOptions={debuggerAddress=localhost:51348}, acceptInsecureCerts=false, webStorageEnabled=true, browserName=chrome, takesScreenshot=true, javascriptEnabled=true, setWindowRect=true, unexpectedAlertBehaviour=ignore, applicationCacheEnabled=false, rotatable=false, networkConnectionEnabled=false, chrome={chromedriverVersion=75.0.3770.90 (a6dcaf7e3ec6f70a194cc25e8149475c6590e025-refs/branch-heads/3770@{#1003}), userDataDir=C:\Users\LTTrang\AppData\Local\Temp\scoped_dir11360_22754}, takesHeapSnapshot=true, pageLoadStrategy=normal, strictFileInteractability=false, databaseEnabled=false, handlesAlerts=true, version=76.0.3809.132, browserConnectionEnabled=false, proxy={}, nativeEvents=true, locationContextEnabled=true, cssSelectorsEnabled=true}]
Session ID: c097aabf690e66a99087fc6ad190b7a2">
      <![CDATA[org.openqa.selenium.TimeoutException: Timed out after 20 seconds waiting for visibility of element located by By.xpath: //a[@title='Used Car Search']
Build info: version: '2.53.1', revision: 'a36b8b1cd5757287168e54b817830adce9b0158d', time: '2016-06-30 19:26:09'
System info: host: 'DESKTOP-QR9O3EA', ip: '192.168.2.16', os.name: 'Windows 10', os.arch: 'amd64', os.version: '10.0', java.version: '1.8.0_201'
Driver info: org.openqa.selenium.chrome.ChromeDriver
Capabilities [{mobileEmulationEnabled=false, timeouts={implicit=0, pageLoad=300000, script=30000}, hasTouchScreen=false, platform=XP, acceptSslCerts=false, goog:chromeOptions={debuggerAddress=localhost:51348}, acceptInsecureCerts=false, webStorageEnabled=true, browserName=chrome, takesScreenshot=true, javascriptEnabled=true, setWindowRect=true, unexpectedAlertBehaviour=ignore, applicationCacheEnabled=false, rotatable=false, networkConnectionEnabled=false, chrome={chromedriverVersion=75.0.3770.90 (a6dcaf7e3ec6f70a194cc25e8149475c6590e025-refs/branch-heads/3770@{#1003}), userDataDir=C:\Users\LTTrang\AppData\Local\Temp\scoped_dir11360_22754}, takesHeapSnapshot=true, pageLoadStrategy=normal, strictFileInteractability=false, databaseEnabled=false, handlesAlerts=true, version=76.0.3809.132, browserConnectionEnabled=false, proxy={}, nativeEvents=true, locationContextEnabled=true, cssSelectorsEnabled=true}]
Session ID: c097aabf690e66a99087fc6ad190b7a2
	at org.openqa.selenium.support.ui.WebDriverWait.timeoutException(WebDriverWait.java:80)
	at org.openqa.selenium.support.ui.FluentWait.until(FluentWait.java:261)
	at commons.AbstractPage.waitForControlVisible(AbstractPage.java:542)
	at commons.AbstractPage.ClickMenuItems(AbstractPage.java:610)
	at com.sytner.menuItems.MenuItems_.MenuItems_007_UsedCarSearch(MenuItems_.java:96)
	at java.util.concurrent.FutureTask.run(FutureTask.java:266)
	at java.util.concurrent.ThreadPoolExecutor.runWorker(ThreadPoolExecutor.java:1149)
	at java.util.concurrent.ThreadPoolExecutor$Worker.run(ThreadPoolExecutor.java:624)
	at java.lang.Thread.run(Thread.java:748)
... Removed 16 stack frames]]>
    </failure>
  </testcase> <!-- MenuItems_007_UsedCarSearch -->
  <testcase name="MenuItems_008_NewCars" time="21.563" classname="com.sytner.menuItems.MenuItems_">
    <failure type="org.openqa.selenium.TimeoutException" message="Timed out after 20 seconds waiting for visibility of element located by By.xpath: //a[@title=&amp;apos;New Cars&amp;apos;]
Build info: version: &amp;apos;2.53.1&amp;apos;, revision: &amp;apos;a36b8b1cd5757287168e54b817830adce9b0158d&amp;apos;, time: &amp;apos;2016-06-30 19:26:09&amp;apos;
System info: host: &amp;apos;DESKTOP-QR9O3EA&amp;apos;, ip: &amp;apos;192.168.2.16&amp;apos;, os.name: &amp;apos;Windows 10&amp;apos;, os.arch: &amp;apos;amd64&amp;apos;, os.version: &amp;apos;10.0&amp;apos;, java.version: &amp;apos;1.8.0_201&amp;apos;
Driver info: org.openqa.selenium.chrome.ChromeDriver
Capabilities [{mobileEmulationEnabled=false, timeouts={implicit=0, pageLoad=300000, script=30000}, hasTouchScreen=false, platform=XP, acceptSslCerts=false, goog:chromeOptions={debuggerAddress=localhost:51348}, acceptInsecureCerts=false, webStorageEnabled=true, browserName=chrome, takesScreenshot=true, javascriptEnabled=true, setWindowRect=true, unexpectedAlertBehaviour=ignore, applicationCacheEnabled=false, rotatable=false, networkConnectionEnabled=false, chrome={chromedriverVersion=75.0.3770.90 (a6dcaf7e3ec6f70a194cc25e8149475c6590e025-refs/branch-heads/3770@{#1003}), userDataDir=C:\Users\LTTrang\AppData\Local\Temp\scoped_dir11360_22754}, takesHeapSnapshot=true, pageLoadStrategy=normal, strictFileInteractability=false, databaseEnabled=false, handlesAlerts=true, version=76.0.3809.132, browserConnectionEnabled=false, proxy={}, nativeEvents=true, locationContextEnabled=true, cssSelectorsEnabled=true}]
Session ID: c097aabf690e66a99087fc6ad190b7a2">
      <![CDATA[org.openqa.selenium.TimeoutException: Timed out after 20 seconds waiting for visibility of element located by By.xpath: //a[@title='New Cars']
Build info: version: '2.53.1', revision: 'a36b8b1cd5757287168e54b817830adce9b0158d', time: '2016-06-30 19:26:09'
System info: host: 'DESKTOP-QR9O3EA', ip: '192.168.2.16', os.name: 'Windows 10', os.arch: 'amd64', os.version: '10.0', java.version: '1.8.0_201'
Driver info: org.openqa.selenium.chrome.ChromeDriver
Capabilities [{mobileEmulationEnabled=false, timeouts={implicit=0, pageLoad=300000, script=30000}, hasTouchScreen=false, platform=XP, acceptSslCerts=false, goog:chromeOptions={debuggerAddress=localhost:51348}, acceptInsecureCerts=false, webStorageEnabled=true, browserName=chrome, takesScreenshot=true, javascriptEnabled=true, setWindowRect=true, unexpectedAlertBehaviour=ignore, applicationCacheEnabled=false, rotatable=false, networkConnectionEnabled=false, chrome={chromedriverVersion=75.0.3770.90 (a6dcaf7e3ec6f70a194cc25e8149475c6590e025-refs/branch-heads/3770@{#1003}), userDataDir=C:\Users\LTTrang\AppData\Local\Temp\scoped_dir11360_22754}, takesHeapSnapshot=true, pageLoadStrategy=normal, strictFileInteractability=false, databaseEnabled=false, handlesAlerts=true, version=76.0.3809.132, browserConnectionEnabled=false, proxy={}, nativeEvents=true, locationContextEnabled=true, cssSelectorsEnabled=true}]
Session ID: c097aabf690e66a99087fc6ad190b7a2
	at org.openqa.selenium.support.ui.WebDriverWait.timeoutException(WebDriverWait.java:80)
	at org.openqa.selenium.support.ui.FluentWait.until(FluentWait.java:261)
	at commons.AbstractPage.waitForControlVisible(AbstractPage.java:542)
	at commons.AbstractPage.ClickMenuItems(AbstractPage.java:610)
	at com.sytner.menuItems.MenuItems_.MenuItems_008_NewCars(MenuItems_.java:108)
	at java.util.concurrent.FutureTask.run(FutureTask.java:266)
	at java.util.concurrent.ThreadPoolExecutor.runWorker(ThreadPoolExecutor.java:1149)
	at java.util.concurrent.ThreadPoolExecutor$Worker.run(ThreadPoolExecutor.java:624)
	at java.lang.Thread.run(Thread.java:748)
... Removed 16 stack frames]]>
    </failure>
  </testcase> <!-- MenuItems_008_NewCars -->
  <testcase name="MenuItems_009_CarMaintenance" time="21.858" classname="com.sytner.menuItems.MenuItems_">
    <failure type="org.openqa.selenium.TimeoutException" message="Timed out after 20 seconds waiting for visibility of element located by By.xpath: //a[@title=&amp;apos;Car Maintenance&amp;apos;]
Build info: version: &amp;apos;2.53.1&amp;apos;, revision: &amp;apos;a36b8b1cd5757287168e54b817830adce9b0158d&amp;apos;, time: &amp;apos;2016-06-30 19:26:09&amp;apos;
System info: host: &amp;apos;DESKTOP-QR9O3EA&amp;apos;, ip: &amp;apos;192.168.2.16&amp;apos;, os.name: &amp;apos;Windows 10&amp;apos;, os.arch: &amp;apos;amd64&amp;apos;, os.version: &amp;apos;10.0&amp;apos;, java.version: &amp;apos;1.8.0_201&amp;apos;
Driver info: org.openqa.selenium.chrome.ChromeDriver
Capabilities [{mobileEmulationEnabled=false, timeouts={implicit=0, pageLoad=300000, script=30000}, hasTouchScreen=false, platform=XP, acceptSslCerts=false, goog:chromeOptions={debuggerAddress=localhost:51348}, acceptInsecureCerts=false, webStorageEnabled=true, browserName=chrome, takesScreenshot=true, javascriptEnabled=true, setWindowRect=true, unexpectedAlertBehaviour=ignore, applicationCacheEnabled=false, rotatable=false, networkConnectionEnabled=false, chrome={chromedriverVersion=75.0.3770.90 (a6dcaf7e3ec6f70a194cc25e8149475c6590e025-refs/branch-heads/3770@{#1003}), userDataDir=C:\Users\LTTrang\AppData\Local\Temp\scoped_dir11360_22754}, takesHeapSnapshot=true, pageLoadStrategy=normal, strictFileInteractability=false, databaseEnabled=false, handlesAlerts=true, version=76.0.3809.132, browserConnectionEnabled=false, proxy={}, nativeEvents=true, locationContextEnabled=true, cssSelectorsEnabled=true}]
Session ID: c097aabf690e66a99087fc6ad190b7a2">
      <![CDATA[org.openqa.selenium.TimeoutException: Timed out after 20 seconds waiting for visibility of element located by By.xpath: //a[@title='Car Maintenance']
Build info: version: '2.53.1', revision: 'a36b8b1cd5757287168e54b817830adce9b0158d', time: '2016-06-30 19:26:09'
System info: host: 'DESKTOP-QR9O3EA', ip: '192.168.2.16', os.name: 'Windows 10', os.arch: 'amd64', os.version: '10.0', java.version: '1.8.0_201'
Driver info: org.openqa.selenium.chrome.ChromeDriver
Capabilities [{mobileEmulationEnabled=false, timeouts={implicit=0, pageLoad=300000, script=30000}, hasTouchScreen=false, platform=XP, acceptSslCerts=false, goog:chromeOptions={debuggerAddress=localhost:51348}, acceptInsecureCerts=false, webStorageEnabled=true, browserName=chrome, takesScreenshot=true, javascriptEnabled=true, setWindowRect=true, unexpectedAlertBehaviour=ignore, applicationCacheEnabled=false, rotatable=false, networkConnectionEnabled=false, chrome={chromedriverVersion=75.0.3770.90 (a6dcaf7e3ec6f70a194cc25e8149475c6590e025-refs/branch-heads/3770@{#1003}), userDataDir=C:\Users\LTTrang\AppData\Local\Temp\scoped_dir11360_22754}, takesHeapSnapshot=true, pageLoadStrategy=normal, strictFileInteractability=false, databaseEnabled=false, handlesAlerts=true, version=76.0.3809.132, browserConnectionEnabled=false, proxy={}, nativeEvents=true, locationContextEnabled=true, cssSelectorsEnabled=true}]
Session ID: c097aabf690e66a99087fc6ad190b7a2
	at org.openqa.selenium.support.ui.WebDriverWait.timeoutException(WebDriverWait.java:80)
	at org.openqa.selenium.support.ui.FluentWait.until(FluentWait.java:261)
	at commons.AbstractPage.waitForControlVisible(AbstractPage.java:542)
	at commons.AbstractPage.ClickMenuItems(AbstractPage.java:610)
	at com.sytner.menuItems.MenuItems_.MenuItems_009_CarMaintenance(MenuItems_.java:120)
	at java.util.concurrent.FutureTask.run(FutureTask.java:266)
	at java.util.concurrent.ThreadPoolExecutor.runWorker(ThreadPoolExecutor.java:1149)
	at java.util.concurrent.ThreadPoolExecutor$Worker.run(ThreadPoolExecutor.java:624)
	at java.lang.Thread.run(Thread.java:748)
... Removed 16 stack frames]]>
    </failure>
  </testcase> <!-- MenuItems_009_CarMaintenance -->
  <testcase name="MenuItems_010_Promotions" time="0.003" classname="com.sytner.menuItems.MenuItems_"/>
  <testcase name="MenuItems_011_BusinessUsers" time="21.5" classname="com.sytner.menuItems.MenuItems_">
    <failure type="org.openqa.selenium.TimeoutException" message="Timed out after 20 seconds waiting for visibility of element located by By.xpath: //a[@title=&amp;apos;Business Users&amp;apos;]
Build info: version: &amp;apos;2.53.1&amp;apos;, revision: &amp;apos;a36b8b1cd5757287168e54b817830adce9b0158d&amp;apos;, time: &amp;apos;2016-06-30 19:26:09&amp;apos;
System info: host: &amp;apos;DESKTOP-QR9O3EA&amp;apos;, ip: &amp;apos;192.168.2.16&amp;apos;, os.name: &amp;apos;Windows 10&amp;apos;, os.arch: &amp;apos;amd64&amp;apos;, os.version: &amp;apos;10.0&amp;apos;, java.version: &amp;apos;1.8.0_201&amp;apos;
Driver info: org.openqa.selenium.chrome.ChromeDriver
Capabilities [{mobileEmulationEnabled=false, timeouts={implicit=0, pageLoad=300000, script=30000}, hasTouchScreen=false, platform=XP, acceptSslCerts=false, goog:chromeOptions={debuggerAddress=localhost:51348}, acceptInsecureCerts=false, webStorageEnabled=true, browserName=chrome, takesScreenshot=true, javascriptEnabled=true, setWindowRect=true, unexpectedAlertBehaviour=ignore, applicationCacheEnabled=false, rotatable=false, networkConnectionEnabled=false, chrome={chromedriverVersion=75.0.3770.90 (a6dcaf7e3ec6f70a194cc25e8149475c6590e025-refs/branch-heads/3770@{#1003}), userDataDir=C:\Users\LTTrang\AppData\Local\Temp\scoped_dir11360_22754}, takesHeapSnapshot=true, pageLoadStrategy=normal, strictFileInteractability=false, databaseEnabled=false, handlesAlerts=true, version=76.0.3809.132, browserConnectionEnabled=false, proxy={}, nativeEvents=true, locationContextEnabled=true, cssSelectorsEnabled=true}]
Session ID: c097aabf690e66a99087fc6ad190b7a2">
      <![CDATA[org.openqa.selenium.TimeoutException: Timed out after 20 seconds waiting for visibility of element located by By.xpath: //a[@title='Business Users']
Build info: version: '2.53.1', revision: 'a36b8b1cd5757287168e54b817830adce9b0158d', time: '2016-06-30 19:26:09'
System info: host: 'DESKTOP-QR9O3EA', ip: '192.168.2.16', os.name: 'Windows 10', os.arch: 'amd64', os.version: '10.0', java.version: '1.8.0_201'
Driver info: org.openqa.selenium.chrome.ChromeDriver
Capabilities [{mobileEmulationEnabled=false, timeouts={implicit=0, pageLoad=300000, script=30000}, hasTouchScreen=false, platform=XP, acceptSslCerts=false, goog:chromeOptions={debuggerAddress=localhost:51348}, acceptInsecureCerts=false, webStorageEnabled=true, browserName=chrome, takesScreenshot=true, javascriptEnabled=true, setWindowRect=true, unexpectedAlertBehaviour=ignore, applicationCacheEnabled=false, rotatable=false, networkConnectionEnabled=false, chrome={chromedriverVersion=75.0.3770.90 (a6dcaf7e3ec6f70a194cc25e8149475c6590e025-refs/branch-heads/3770@{#1003}), userDataDir=C:\Users\LTTrang\AppData\Local\Temp\scoped_dir11360_22754}, takesHeapSnapshot=true, pageLoadStrategy=normal, strictFileInteractability=false, databaseEnabled=false, handlesAlerts=true, version=76.0.3809.132, browserConnectionEnabled=false, proxy={}, nativeEvents=true, locationContextEnabled=true, cssSelectorsEnabled=true}]
Session ID: c097aabf690e66a99087fc6ad190b7a2
	at org.openqa.selenium.support.ui.WebDriverWait.timeoutException(WebDriverWait.java:80)
	at org.openqa.selenium.support.ui.FluentWait.until(FluentWait.java:261)
	at commons.AbstractPage.waitForControlVisible(AbstractPage.java:542)
	at commons.AbstractPage.ClickMenuItems(AbstractPage.java:610)
	at com.sytner.menuItems.MenuItems_.MenuItems_011_BusinessUsers(MenuItems_.java:144)
	at java.util.concurrent.FutureTask.run(FutureTask.java:266)
	at java.util.concurrent.ThreadPoolExecutor.runWorker(ThreadPoolExecutor.java:1149)
	at java.util.concurrent.ThreadPoolExecutor$Worker.run(ThreadPoolExecutor.java:624)
	at java.lang.Thread.run(Thread.java:748)
... Removed 16 stack frames]]>
    </failure>
  </testcase> <!-- MenuItems_011_BusinessUsers -->
  <testcase name="MenuItems_012_SellYourCar" time="31.857" classname="com.sytner.menuItems.MenuItems_">
    <failure type="org.openqa.selenium.TimeoutException" message="Timed out after 20 seconds waiting for visibility of element located by By.xpath: //a[@title=&amp;apos;SellYour Car&amp;apos;]
Build info: version: &amp;apos;2.53.1&amp;apos;, revision: &amp;apos;a36b8b1cd5757287168e54b817830adce9b0158d&amp;apos;, time: &amp;apos;2016-06-30 19:26:09&amp;apos;
System info: host: &amp;apos;DESKTOP-QR9O3EA&amp;apos;, ip: &amp;apos;192.168.2.16&amp;apos;, os.name: &amp;apos;Windows 10&amp;apos;, os.arch: &amp;apos;amd64&amp;apos;, os.version: &amp;apos;10.0&amp;apos;, java.version: &amp;apos;1.8.0_201&amp;apos;
Driver info: org.openqa.selenium.chrome.ChromeDriver
Capabilities [{mobileEmulationEnabled=false, timeouts={implicit=0, pageLoad=300000, script=30000}, hasTouchScreen=false, platform=XP, acceptSslCerts=false, goog:chromeOptions={debuggerAddress=localhost:51348}, acceptInsecureCerts=false, webStorageEnabled=true, browserName=chrome, takesScreenshot=true, javascriptEnabled=true, setWindowRect=true, unexpectedAlertBehaviour=ignore, applicationCacheEnabled=false, rotatable=false, networkConnectionEnabled=false, chrome={chromedriverVersion=75.0.3770.90 (a6dcaf7e3ec6f70a194cc25e8149475c6590e025-refs/branch-heads/3770@{#1003}), userDataDir=C:\Users\LTTrang\AppData\Local\Temp\scoped_dir11360_22754}, takesHeapSnapshot=true, pageLoadStrategy=normal, strictFileInteractability=false, databaseEnabled=false, handlesAlerts=true, version=76.0.3809.132, browserConnectionEnabled=false, proxy={}, nativeEvents=true, locationContextEnabled=true, cssSelectorsEnabled=true}]
Session ID: c097aabf690e66a99087fc6ad190b7a2">
      <![CDATA[org.openqa.selenium.TimeoutException: Timed out after 20 seconds waiting for visibility of element located by By.xpath: //a[@title='SellYour Car']
Build info: version: '2.53.1', revision: 'a36b8b1cd5757287168e54b817830adce9b0158d', time: '2016-06-30 19:26:09'
System info: host: 'DESKTOP-QR9O3EA', ip: '192.168.2.16', os.name: 'Windows 10', os.arch: 'amd64', os.version: '10.0', java.version: '1.8.0_201'
Driver info: org.openqa.selenium.chrome.ChromeDriver
Capabilities [{mobileEmulationEnabled=false, timeouts={implicit=0, pageLoad=300000, script=30000}, hasTouchScreen=false, platform=XP, acceptSslCerts=false, goog:chromeOptions={debuggerAddress=localhost:51348}, acceptInsecureCerts=false, webStorageEnabled=true, browserName=chrome, takesScreenshot=true, javascriptEnabled=true, setWindowRect=true, unexpectedAlertBehaviour=ignore, applicationCacheEnabled=false, rotatable=false, networkConnectionEnabled=false, chrome={chromedriverVersion=75.0.3770.90 (a6dcaf7e3ec6f70a194cc25e8149475c6590e025-refs/branch-heads/3770@{#1003}), userDataDir=C:\Users\LTTrang\AppData\Local\Temp\scoped_dir11360_22754}, takesHeapSnapshot=true, pageLoadStrategy=normal, strictFileInteractability=false, databaseEnabled=false, handlesAlerts=true, version=76.0.3809.132, browserConnectionEnabled=false, proxy={}, nativeEvents=true, locationContextEnabled=true, cssSelectorsEnabled=true}]
Session ID: c097aabf690e66a99087fc6ad190b7a2
	at org.openqa.selenium.support.ui.WebDriverWait.timeoutException(WebDriverWait.java:80)
	at org.openqa.selenium.support.ui.FluentWait.until(FluentWait.java:261)
	at commons.AbstractPage.waitForControlVisible(AbstractPage.java:542)
	at commons.AbstractPage.ClickMenuItems(AbstractPage.java:610)
	at com.sytner.menuItems.MenuItems_.MenuItems_012_SellYourCar(MenuItems_.java:156)
	at java.util.concurrent.FutureTask.run(FutureTask.java:266)
	at java.util.concurrent.ThreadPoolExecutor.runWorker(ThreadPoolExecutor.java:1149)
	at java.util.concurrent.ThreadPoolExecutor$Worker.run(ThreadPoolExecutor.java:624)
	at java.lang.Thread.run(Thread.java:748)
Caused by: org.openqa.selenium.NoSuchElementException: no such element: Unable to locate element: {"method":"xpath","selector":"//a[@title='SellYour Car']"}
  (Session info: chrome=76.0.3809.132)
  (Driver info: chromedriver=75.0.3770.90 (a6dcaf7e3ec6f70a194cc25e8149475c6590e025-refs/branch-heads/3770@{#1003}),platform=Windows NT 10.0.17763 x86_64) (WARNING: The server did not provide any stacktrace information)
Command duration or timeout: 15.02 seconds
For documentation on this error, please visit: http://seleniumhq.org/exceptions/no_such_element.html
Build info: version: '2.53.1', revision: 'a36b8b1cd5757287168e54b817830adce9b0158d', time: '2016-06-30 19:26:09'
System info: host: 'DESKTOP-QR9O3EA', ip: '192.168.2.16', os.name: 'Windows 10', os.arch: 'amd64', os.version: '10.0', java.version: '1.8.0_201'
Driver info: org.openqa.selenium.chrome.ChromeDriver
Capabilities [{mobileEmulationEnabled=false, timeouts={implicit=0, pageLoad=300000, script=30000}, hasTouchScreen=false, platform=XP, acceptSslCerts=false, goog:chromeOptions={debuggerAddress=localhost:51348}, acceptInsecureCerts=false, webStorageEnabled=true, browserName=chrome, takesScreenshot=true, javascriptEnabled=true, setWindowRect=true, unexpectedAlertBehaviour=ignore, applicationCacheEnabled=false, rotatable=false, networkConnectionEnabled=false, chrome={chromedriverVersion=75.0.3770.90 (a6dcaf7e3ec6f70a194cc25e8149475c6590e025-refs/branch-heads/3770@{#1003}), userDataDir=C:\Users\LTTrang\AppData\Local\Temp\scoped_dir11360_22754}, takesHeapSnapshot=true, pageLoadStrategy=normal, strictFileInteractability=false, databaseEnabled=false, handlesAlerts=true, version=76.0.3809.132, browserConnectionEnabled=false, proxy={}, nativeEvents=true, locationContextEnabled=true, cssSelectorsEnabled=true}]
Session ID: c097aabf690e66a99087fc6ad190b7a2
*** Element info: {Using=xpath, value=//a[@title='SellYour Car']}
	at org.openqa.selenium.remote.ErrorHandler.createThrowable(ErrorHandler.java:206)
	at org.openqa.selenium.remote.ErrorHandler.throwIfResponseFailed(ErrorHandler.java:158)
	at org.openqa.selenium.remote.RemoteWebDriver.execute(RemoteWebDriver.java:678)
	at org.openqa.selenium.remote.RemoteWebDriver.findElement(RemoteWebDriver.java:363)
	at org.openqa.selenium.remote.RemoteWebDriver.findElementByXPath(RemoteWebDriver.java:500)
	at org.openqa.selenium.By$ByXPath.findElement(By.java:361)
	at org.openqa.selenium.remote.RemoteWebDriver.findElement(RemoteWebDriver.java:355)
	at org.openqa.selenium.support.ui.ExpectedConditions.findElement(ExpectedConditions.java:899)
	at org.openqa.selenium.support.ui.ExpectedConditions.access$000(ExpectedConditions.java:41)
	at org.openqa.selenium.support.ui.ExpectedConditions$7.apply(ExpectedConditions.java:205)
	at org.openqa.selenium.support.ui.ExpectedConditions$7.apply(ExpectedConditions.java:201)
	at org.openqa.selenium.support.ui.FluentWait.until(FluentWait.java:238)
	... 23 more
... Removed 20 stack frames]]>
    </failure>
  </testcase> <!-- MenuItems_012_SellYourCar -->
  <testcase name="MenuItems_013_DealerLocator" time="21.874" classname="com.sytner.menuItems.MenuItems_">
    <failure type="org.openqa.selenium.TimeoutException" message="Timed out after 20 seconds waiting for visibility of element located by By.xpath: //a[@title=&amp;apos;Dealer Locator&amp;apos;]
Build info: version: &amp;apos;2.53.1&amp;apos;, revision: &amp;apos;a36b8b1cd5757287168e54b817830adce9b0158d&amp;apos;, time: &amp;apos;2016-06-30 19:26:09&amp;apos;
System info: host: &amp;apos;DESKTOP-QR9O3EA&amp;apos;, ip: &amp;apos;192.168.2.16&amp;apos;, os.name: &amp;apos;Windows 10&amp;apos;, os.arch: &amp;apos;amd64&amp;apos;, os.version: &amp;apos;10.0&amp;apos;, java.version: &amp;apos;1.8.0_201&amp;apos;
Driver info: org.openqa.selenium.chrome.ChromeDriver
Capabilities [{mobileEmulationEnabled=false, timeouts={implicit=0, pageLoad=300000, script=30000}, hasTouchScreen=false, platform=XP, acceptSslCerts=false, goog:chromeOptions={debuggerAddress=localhost:51348}, acceptInsecureCerts=false, webStorageEnabled=true, browserName=chrome, takesScreenshot=true, javascriptEnabled=true, setWindowRect=true, unexpectedAlertBehaviour=ignore, applicationCacheEnabled=false, rotatable=false, networkConnectionEnabled=false, chrome={chromedriverVersion=75.0.3770.90 (a6dcaf7e3ec6f70a194cc25e8149475c6590e025-refs/branch-heads/3770@{#1003}), userDataDir=C:\Users\LTTrang\AppData\Local\Temp\scoped_dir11360_22754}, takesHeapSnapshot=true, pageLoadStrategy=normal, strictFileInteractability=false, databaseEnabled=false, handlesAlerts=true, version=76.0.3809.132, browserConnectionEnabled=false, proxy={}, nativeEvents=true, locationContextEnabled=true, cssSelectorsEnabled=true}]
Session ID: c097aabf690e66a99087fc6ad190b7a2">
      <![CDATA[org.openqa.selenium.TimeoutException: Timed out after 20 seconds waiting for visibility of element located by By.xpath: //a[@title='Dealer Locator']
Build info: version: '2.53.1', revision: 'a36b8b1cd5757287168e54b817830adce9b0158d', time: '2016-06-30 19:26:09'
System info: host: 'DESKTOP-QR9O3EA', ip: '192.168.2.16', os.name: 'Windows 10', os.arch: 'amd64', os.version: '10.0', java.version: '1.8.0_201'
Driver info: org.openqa.selenium.chrome.ChromeDriver
Capabilities [{mobileEmulationEnabled=false, timeouts={implicit=0, pageLoad=300000, script=30000}, hasTouchScreen=false, platform=XP, acceptSslCerts=false, goog:chromeOptions={debuggerAddress=localhost:51348}, acceptInsecureCerts=false, webStorageEnabled=true, browserName=chrome, takesScreenshot=true, javascriptEnabled=true, setWindowRect=true, unexpectedAlertBehaviour=ignore, applicationCacheEnabled=false, rotatable=false, networkConnectionEnabled=false, chrome={chromedriverVersion=75.0.3770.90 (a6dcaf7e3ec6f70a194cc25e8149475c6590e025-refs/branch-heads/3770@{#1003}), userDataDir=C:\Users\LTTrang\AppData\Local\Temp\scoped_dir11360_22754}, takesHeapSnapshot=true, pageLoadStrategy=normal, strictFileInteractability=false, databaseEnabled=false, handlesAlerts=true, version=76.0.3809.132, browserConnectionEnabled=false, proxy={}, nativeEvents=true, locationContextEnabled=true, cssSelectorsEnabled=true}]
Session ID: c097aabf690e66a99087fc6ad190b7a2
	at org.openqa.selenium.support.ui.WebDriverWait.timeoutException(WebDriverWait.java:80)
	at org.openqa.selenium.support.ui.FluentWait.until(FluentWait.java:261)
	at commons.AbstractPage.waitForControlVisible(AbstractPage.java:542)
	at commons.AbstractPage.ClickMenuItems(AbstractPage.java:610)
	at com.sytner.menuItems.MenuItems_.MenuItems_013_DealerLocator(MenuItems_.java:168)
	at java.util.concurrent.FutureTask.run(FutureTask.java:266)
	at java.util.concurrent.ThreadPoolExecutor.runWorker(ThreadPoolExecutor.java:1149)
	at java.util.concurrent.ThreadPoolExecutor$Worker.run(ThreadPoolExecutor.java:624)
	at java.lang.Thread.run(Thread.java:748)
... Removed 16 stack frames]]>
    </failure>
  </testcase> <!-- MenuItems_013_DealerLocator -->
  <testcase name="MenuItems_014_HomeIcon" time="21.939" classname="com.sytner.menuItems.MenuItems_">
    <failure type="org.openqa.selenium.TimeoutException" message="Timed out after 20 seconds waiting for visibility of element located by By.xpath: //a[@title=&amp;apos;Dealer Locator&amp;apos;]
Build info: version: &amp;apos;2.53.1&amp;apos;, revision: &amp;apos;a36b8b1cd5757287168e54b817830adce9b0158d&amp;apos;, time: &amp;apos;2016-06-30 19:26:09&amp;apos;
System info: host: &amp;apos;DESKTOP-QR9O3EA&amp;apos;, ip: &amp;apos;192.168.2.16&amp;apos;, os.name: &amp;apos;Windows 10&amp;apos;, os.arch: &amp;apos;amd64&amp;apos;, os.version: &amp;apos;10.0&amp;apos;, java.version: &amp;apos;1.8.0_201&amp;apos;
Driver info: org.openqa.selenium.chrome.ChromeDriver
Capabilities [{mobileEmulationEnabled=false, timeouts={implicit=0, pageLoad=300000, script=30000}, hasTouchScreen=false, platform=XP, acceptSslCerts=false, goog:chromeOptions={debuggerAddress=localhost:51348}, acceptInsecureCerts=false, webStorageEnabled=true, browserName=chrome, takesScreenshot=true, javascriptEnabled=true, setWindowRect=true, unexpectedAlertBehaviour=ignore, applicationCacheEnabled=false, rotatable=false, networkConnectionEnabled=false, chrome={chromedriverVersion=75.0.3770.90 (a6dcaf7e3ec6f70a194cc25e8149475c6590e025-refs/branch-heads/3770@{#1003}), userDataDir=C:\Users\LTTrang\AppData\Local\Temp\scoped_dir11360_22754}, takesHeapSnapshot=true, pageLoadStrategy=normal, strictFileInteractability=false, databaseEnabled=false, handlesAlerts=true, version=76.0.3809.132, browserConnectionEnabled=false, proxy={}, nativeEvents=true, locationContextEnabled=true, cssSelectorsEnabled=true}]
Session ID: c097aabf690e66a99087fc6ad190b7a2">
      <![CDATA[org.openqa.selenium.TimeoutException: Timed out after 20 seconds waiting for visibility of element located by By.xpath: //a[@title='Dealer Locator']
Build info: version: '2.53.1', revision: 'a36b8b1cd5757287168e54b817830adce9b0158d', time: '2016-06-30 19:26:09'
System info: host: 'DESKTOP-QR9O3EA', ip: '192.168.2.16', os.name: 'Windows 10', os.arch: 'amd64', os.version: '10.0', java.version: '1.8.0_201'
Driver info: org.openqa.selenium.chrome.ChromeDriver
Capabilities [{mobileEmulationEnabled=false, timeouts={implicit=0, pageLoad=300000, script=30000}, hasTouchScreen=false, platform=XP, acceptSslCerts=false, goog:chromeOptions={debuggerAddress=localhost:51348}, acceptInsecureCerts=false, webStorageEnabled=true, browserName=chrome, takesScreenshot=true, javascriptEnabled=true, setWindowRect=true, unexpectedAlertBehaviour=ignore, applicationCacheEnabled=false, rotatable=false, networkConnectionEnabled=false, chrome={chromedriverVersion=75.0.3770.90 (a6dcaf7e3ec6f70a194cc25e8149475c6590e025-refs/branch-heads/3770@{#1003}), userDataDir=C:\Users\LTTrang\AppData\Local\Temp\scoped_dir11360_22754}, takesHeapSnapshot=true, pageLoadStrategy=normal, strictFileInteractability=false, databaseEnabled=false, handlesAlerts=true, version=76.0.3809.132, browserConnectionEnabled=false, proxy={}, nativeEvents=true, locationContextEnabled=true, cssSelectorsEnabled=true}]
Session ID: c097aabf690e66a99087fc6ad190b7a2
	at org.openqa.selenium.support.ui.WebDriverWait.timeoutException(WebDriverWait.java:80)
	at org.openqa.selenium.support.ui.FluentWait.until(FluentWait.java:261)
	at commons.AbstractPage.waitForControlVisible(AbstractPage.java:542)
	at commons.AbstractPage.ClickMenuItems(AbstractPage.java:610)
	at com.sytner.menuItems.MenuItems_.MenuItems_014_HomeIcon(MenuItems_.java:180)
	at java.util.concurrent.FutureTask.run(FutureTask.java:266)
	at java.util.concurrent.ThreadPoolExecutor.runWorker(ThreadPoolExecutor.java:1149)
	at java.util.concurrent.ThreadPoolExecutor$Worker.run(ThreadPoolExecutor.java:624)
	at java.lang.Thread.run(Thread.java:748)
... Removed 16 stack frames]]>
    </failure>
  </testcase> <!-- MenuItems_014_HomeIcon -->
</testsuite> <!-- Run on CHROME -->
